<?xml version="1.0" encoding="UTF-8"?>
<!-- Generated by org.testng.reporters.JUnitReportReporter -->
<testsuite hostname="LP2-AP-51708027" failures="0" tests="1" name="testGet" time="2.426" errors="0" timestamp="2021-06-04T15:31:00 IST" skipped="0">
  <testcase classname="testGet" name="test07" time="2.426"/>
  <system-out/>
</testsuite> <!-- testGet -->
